<?xml version="1.0" encoding="UTF-8"?>
<!-- Generated by org.testng.reporters.JUnitReportReporter -->
<testsuite hostname="DESKTOP-BS9BPRQ" failures="0" tests="3" name="Demo_TestNG1.Demo_TestNG1.TestAnnotations" time="0.008" errors="0" timestamp="22 May 2020 04:26:47 GMT" skipped="1">
  <testcase classname="Demo_TestNG1.Demo_TestNG1.TestAnnotations" name="t1" time="0.006"/>
  <testcase classname="Demo_TestNG1.Demo_TestNG1.TestAnnotations" name="at1" time="0.002"/>
  <testcase classname="Demo_TestNG1.Demo_TestNG1.TestAnnotations" name="At1">
    <skipped/>
  </testcase> <!-- At1 -->
</testsuite> <!-- Demo_TestNG1.Demo_TestNG1.TestAnnotations -->
