<?xml version="1.0" encoding="UTF-8"?>
<!-- Generated by org.testng.reporters.JUnitReportReporter -->
<testsuite hostname="DESKTOP-BS9BPRQ" failures="0" tests="1" name="Demo_TestNG1.Demo_TestNG1.SDFCLoginNG" time="8.948" errors="0" timestamp="24 May 2020 23:06:07 GMT" skipped="0">
  <testcase classname="Demo_TestNG1.Demo_TestNG1.SDFCLoginNG" name="Testcase4b" time="8.948"/>
</testsuite> <!-- Demo_TestNG1.Demo_TestNG1.SDFCLoginNG -->
