<?xml version="1.0" encoding="UTF-8"?>
<!-- Generated by org.testng.reporters.JUnitReportReporter -->
<testsuite hostname="DESKTOP-BS9BPRQ" failures="0" tests="1" name="Demo_TestNG1.Demo_TestNG1.Annotations" time="0.007" errors="0" timestamp="21 May 2020 17:46:20 GMT" skipped="0">
  <testcase classname="Demo_TestNG1.Demo_TestNG1.Annotations" name="test1" time="0.007"/>
</testsuite> <!-- Demo_TestNG1.Demo_TestNG1.Annotations -->
