<?xml version="1.0" encoding="UTF-8"?>
<!-- Generated by org.testng.reporters.JUnitReportReporter -->
<testsuite hostname="DESKTOP-BS9BPRQ" failures="0" tests="4" name="Demo_TestNG1.Demo_TestNG1.TekarchTest" time="3.871" errors="0" timestamp="22 May 2020 18:16:54 GMT" skipped="0">
  <testcase classname="Demo_TestNG1.Demo_TestNG1.TekarchTest" name="invalidLogin" time="0.984"/>
  <testcase classname="Demo_TestNG1.Demo_TestNG1.TekarchTest" name="validLogin" time="0.945"/>
  <testcase classname="Demo_TestNG1.Demo_TestNG1.TekarchTest" name="validLogin" time="0.909"/>
  <testcase classname="Demo_TestNG1.Demo_TestNG1.TekarchTest" name="invalidLogin" time="1.033"/>
</testsuite> <!-- Demo_TestNG1.Demo_TestNG1.TekarchTest -->
