<?xml version="1.0" encoding="UTF-8"?>
<!-- Generated by org.testng.reporters.JUnitReportReporter -->
<testsuite hostname="DESKTOP-BS9BPRQ" failures="0" tests="2" name="Demo_TestNG1.Demo_TestNG1.TekarchTest" time="1.701" errors="0" timestamp="12 Jun 2020 07:07:18 GMT" skipped="0">
  <testcase classname="Demo_TestNG1.Demo_TestNG1.TekarchTest" name="validLogin" time="0.611"/>
  <testcase classname="Demo_TestNG1.Demo_TestNG1.TekarchTest" name="invalidLogin" time="1.090"/>
</testsuite> <!-- Demo_TestNG1.Demo_TestNG1.TekarchTest -->
