<?xml version="1.0" encoding="UTF-8"?>
<!-- Generated by org.testng.reporters.JUnitReportReporter -->
<testsuite hostname="DESKTOP-BS9BPRQ" failures="0" tests="1" name="Demo_TestNG1.Demo_TestNG1.dataProvider" time="8.967" errors="0" timestamp="24 May 2020 06:01:41 GMT" skipped="0">
  <testcase classname="Demo_TestNG1.Demo_TestNG1.dataProvider" name="Testcase1" time="8.967"/>
</testsuite> <!-- Demo_TestNG1.Demo_TestNG1.dataProvider -->
