<?xml version="1.0" encoding="UTF-8"?>
<!-- Generated by org.testng.reporters.JUnitReportReporter -->
<testsuite skipped="0" hostname="DESKTOP-BS9BPRQ" name="Demo_TestNG1.Demo_TestNG1.TekarchTest" tests="2" failures="0" timestamp="12 Jun 2020 07:08:22 GMT" time="1.550" errors="0">
  <testcase name="validLogin" time="0.959" classname="Demo_TestNG1.Demo_TestNG1.TekarchTest"/>
  <testcase name="invalidLogin" time="0.591" classname="Demo_TestNG1.Demo_TestNG1.TekarchTest"/>
</testsuite> <!-- Demo_TestNG1.Demo_TestNG1.TekarchTest -->
